<?xml version="1.0" encoding="UTF-8"?>
<testsuite xmlns:xsi="http://www.w3.org/2001/XMLSchema-instance" xsi:noNamespaceSchemaLocation="https://maven.apache.org/surefire/maven-surefire-plugin/xsd/surefire-test-report.xsd" name="TestSuite" time="31.978" tests="28" errors="0" skipped="14" failures="8">
  <properties>
    <property name="gopherProxySet" value="false"/>
    <property name="awt.toolkit" value="sun.lwawt.macosx.LWCToolkit"/>
    <property name="file.encoding.pkg" value="sun.io"/>
    <property name="java.specification.version" value="1.8"/>
    <property name="sun.cpu.isalist" value=""/>
    <property name="sun.jnu.encoding" value="UTF-8"/>
    <property name="java.class.path" value="/Users/terry/Desktop/NK/Shopping_Center/target/test-classes:/Users/terry/Desktop/NK/Shopping_Center/target/classes:/Users/terry/Desktop/NK/Shopping_Center/Users/terry/apache-maven-3.6.3/repository/org/seleniumhq/selenium/selenium-java/4.1.2/selenium-java-4.1.2.jar:/Users/terry/Desktop/NK/Shopping_Center/Users/terry/apache-maven-3.6.3/repository/org/seleniumhq/selenium/selenium-api/4.1.2/selenium-api-4.1.2.jar:/Users/terry/Desktop/NK/Shopping_Center/Users/terry/apache-maven-3.6.3/repository/org/seleniumhq/selenium/selenium-chrome-driver/4.1.2/selenium-chrome-driver-4.1.2.jar:/Users/terry/Desktop/NK/Shopping_Center/Users/terry/apache-maven-3.6.3/repository/com/google/auto/service/auto-service-annotations/1.0.1/auto-service-annotations-1.0.1.jar:/Users/terry/Desktop/NK/Shopping_Center/Users/terry/apache-maven-3.6.3/repository/com/google/auto/service/auto-service/1.0.1/auto-service-1.0.1.jar:/Users/terry/Desktop/NK/Shopping_Center/Users/terry/apache-maven-3.6.3/repository/com/google/auto/auto-common/1.2/auto-common-1.2.jar:/Users/terry/Desktop/NK/Shopping_Center/Users/terry/apache-maven-3.6.3/repository/com/google/guava/guava/31.0.1-jre/guava-31.0.1-jre.jar:/Users/terry/Desktop/NK/Shopping_Center/Users/terry/apache-maven-3.6.3/repository/com/google/guava/failureaccess/1.0.1/failureaccess-1.0.1.jar:/Users/terry/Desktop/NK/Shopping_Center/Users/terry/apache-maven-3.6.3/repository/com/google/guava/listenablefuture/9999.0-empty-to-avoid-conflict-with-guava/listenablefuture-9999.0-empty-to-avoid-conflict-with-guava.jar:/Users/terry/Desktop/NK/Shopping_Center/Users/terry/apache-maven-3.6.3/repository/com/google/code/findbugs/jsr305/3.0.2/jsr305-3.0.2.jar:/Users/terry/Desktop/NK/Shopping_Center/Users/terry/apache-maven-3.6.3/repository/org/checkerframework/checker-qual/3.12.0/checker-qual-3.12.0.jar:/Users/terry/Desktop/NK/Shopping_Center/Users/terry/apache-maven-3.6.3/repository/com/google/errorprone/error_prone_annotations/2.7.1/error_prone_annotations-2.7.1.jar:/Users/terry/Desktop/NK/Shopping_Center/Users/terry/apache-maven-3.6.3/repository/com/google/j2objc/j2objc-annotations/1.3/j2objc-annotations-1.3.jar:/Users/terry/Desktop/NK/Shopping_Center/Users/terry/apache-maven-3.6.3/repository/org/seleniumhq/selenium/selenium-chromium-driver/4.1.2/selenium-chromium-driver-4.1.2.jar:/Users/terry/Desktop/NK/Shopping_Center/Users/terry/apache-maven-3.6.3/repository/org/seleniumhq/selenium/selenium-json/4.1.2/selenium-json-4.1.2.jar:/Users/terry/Desktop/NK/Shopping_Center/Users/terry/apache-maven-3.6.3/repository/org/seleniumhq/selenium/selenium-devtools-v85/4.1.2/selenium-devtools-v85-4.1.2.jar:/Users/terry/Desktop/NK/Shopping_Center/Users/terry/apache-maven-3.6.3/repository/org/seleniumhq/selenium/selenium-devtools-v95/4.1.2/selenium-devtools-v95-4.1.2.jar:/Users/terry/Desktop/NK/Shopping_Center/Users/terry/apache-maven-3.6.3/repository/org/seleniumhq/selenium/selenium-devtools-v96/4.1.2/selenium-devtools-v96-4.1.2.jar:/Users/terry/Desktop/NK/Shopping_Center/Users/terry/apache-maven-3.6.3/repository/org/seleniumhq/selenium/selenium-devtools-v97/4.1.2/selenium-devtools-v97-4.1.2.jar:/Users/terry/Desktop/NK/Shopping_Center/Users/terry/apache-maven-3.6.3/repository/org/seleniumhq/selenium/selenium-edge-driver/4.1.2/selenium-edge-driver-4.1.2.jar:/Users/terry/Desktop/NK/Shopping_Center/Users/terry/apache-maven-3.6.3/repository/org/seleniumhq/selenium/selenium-firefox-driver/4.1.2/selenium-firefox-driver-4.1.2.jar:/Users/terry/Desktop/NK/Shopping_Center/Users/terry/apache-maven-3.6.3/repository/org/seleniumhq/selenium/selenium-firefox-xpi-driver/4.1.2/selenium-firefox-xpi-driver-4.1.2.jar:/Users/terry/Desktop/NK/Shopping_Center/Users/terry/apache-maven-3.6.3/repository/org/seleniumhq/selenium/selenium-ie-driver/4.1.2/selenium-ie-driver-4.1.2.jar:/Users/terry/Desktop/NK/Shopping_Center/Users/terry/apache-maven-3.6.3/repository/org/seleniumhq/selenium/selenium-opera-driver/4.1.2/selenium-opera-driver-4.1.2.jar:/Users/terry/Desktop/NK/Shopping_Center/Users/terry/apache-maven-3.6.3/repository/org/seleniumhq/selenium/selenium-remote-driver/4.1.2/selenium-remote-driver-4.1.2.jar:/Users/terry/Desktop/NK/Shopping_Center/Users/terry/apache-maven-3.6.3/repository/io/netty/netty-buffer/4.1.73.Final/netty-buffer-4.1.73.Final.jar:/Users/terry/Desktop/NK/Shopping_Center/Users/terry/apache-maven-3.6.3/repository/io/netty/netty-codec-http/4.1.73.Final/netty-codec-http-4.1.73.Final.jar:/Users/terry/Desktop/NK/Shopping_Center/Users/terry/apache-maven-3.6.3/repository/io/netty/netty-codec/4.1.73.Final/netty-codec-4.1.73.Final.jar:/Users/terry/Desktop/NK/Shopping_Center/Users/terry/apache-maven-3.6.3/repository/io/netty/netty-handler/4.1.73.Final/netty-handler-4.1.73.Final.jar:/Users/terry/Desktop/NK/Shopping_Center/Users/terry/apache-maven-3.6.3/repository/io/netty/netty-tcnative-classes/2.0.46.Final/netty-tcnative-classes-2.0.46.Final.jar:/Users/terry/Desktop/NK/Shopping_Center/Users/terry/apache-maven-3.6.3/repository/io/netty/netty-common/4.1.73.Final/netty-common-4.1.73.Final.jar:/Users/terry/Desktop/NK/Shopping_Center/Users/terry/apache-maven-3.6.3/repository/io/netty/netty-transport-classes-epoll/4.1.73.Final/netty-transport-classes-epoll-4.1.73.Final.jar:/Users/terry/Desktop/NK/Shopping_Center/Users/terry/apache-maven-3.6.3/repository/io/netty/netty-transport-classes-kqueue/4.1.73.Final/netty-transport-classes-kqueue-4.1.73.Final.jar:/Users/terry/Desktop/NK/Shopping_Center/Users/terry/apache-maven-3.6.3/repository/io/netty/netty-transport-native-epoll/4.1.73.Final/netty-transport-native-epoll-4.1.73.Final.jar:/Users/terry/Desktop/NK/Shopping_Center/Users/terry/apache-maven-3.6.3/repository/io/netty/netty-transport-native-kqueue/4.1.73.Final/netty-transport-native-kqueue-4.1.73.Final.jar:/Users/terry/Desktop/NK/Shopping_Center/Users/terry/apache-maven-3.6.3/repository/io/netty/netty-transport-native-unix-common/4.1.73.Final/netty-transport-native-unix-common-4.1.73.Final.jar:/Users/terry/Desktop/NK/Shopping_Center/Users/terry/apache-maven-3.6.3/repository/io/netty/netty-transport/4.1.73.Final/netty-transport-4.1.73.Final.jar:/Users/terry/Desktop/NK/Shopping_Center/Users/terry/apache-maven-3.6.3/repository/io/netty/netty-resolver/4.1.73.Final/netty-resolver-4.1.73.Final.jar:/Users/terry/Desktop/NK/Shopping_Center/Users/terry/apache-maven-3.6.3/repository/io/opentelemetry/opentelemetry-api/1.10.1/opentelemetry-api-1.10.1.jar:/Users/terry/Desktop/NK/Shopping_Center/Users/terry/apache-maven-3.6.3/repository/io/opentelemetry/opentelemetry-context/1.10.1/opentelemetry-context-1.10.1.jar:/Users/terry/Desktop/NK/Shopping_Center/Users/terry/apache-maven-3.6.3/repository/io/opentelemetry/opentelemetry-exporter-logging/1.10.1/opentelemetry-exporter-logging-1.10.1.jar:/Users/terry/Desktop/NK/Shopping_Center/Users/terry/apache-maven-3.6.3/repository/io/opentelemetry/opentelemetry-sdk-metrics/1.10.1-alpha/opentelemetry-sdk-metrics-1.10.1-alpha.jar:/Users/terry/Desktop/NK/Shopping_Center/Users/terry/apache-maven-3.6.3/repository/io/opentelemetry/opentelemetry-sdk-logs/1.10.1-alpha/opentelemetry-sdk-logs-1.10.1-alpha.jar:/Users/terry/Desktop/NK/Shopping_Center/Users/terry/apache-maven-3.6.3/repository/io/opentelemetry/opentelemetry-sdk-common/1.10.1/opentelemetry-sdk-common-1.10.1.jar:/Users/terry/Desktop/NK/Shopping_Center/Users/terry/apache-maven-3.6.3/repository/io/opentelemetry/opentelemetry-sdk-extension-autoconfigure-spi/1.10.1/opentelemetry-sdk-extension-autoconfigure-spi-1.10.1.jar:/Users/terry/Desktop/NK/Shopping_Center/Users/terry/apache-maven-3.6.3/repository/io/opentelemetry/opentelemetry-sdk-extension-autoconfigure/1.10.1-alpha/opentelemetry-sdk-extension-autoconfigure-1.10.1-alpha.jar:/Users/terry/Desktop/NK/Shopping_Center/Users/terry/apache-maven-3.6.3/repository/io/opentelemetry/opentelemetry-sdk-trace/1.10.1/opentelemetry-sdk-trace-1.10.1.jar:/Users/terry/Desktop/NK/Shopping_Center/Users/terry/apache-maven-3.6.3/repository/io/opentelemetry/opentelemetry-sdk/1.10.1/opentelemetry-sdk-1.10.1.jar:/Users/terry/Desktop/NK/Shopping_Center/Users/terry/apache-maven-3.6.3/repository/io/opentelemetry/opentelemetry-semconv/1.10.1-alpha/opentelemetry-semconv-1.10.1-alpha.jar:/Users/terry/Desktop/NK/Shopping_Center/Users/terry/apache-maven-3.6.3/repository/io/ous/jtoml/2.0.0/jtoml-2.0.0.jar:/Users/terry/Desktop/NK/Shopping_Center/Users/terry/apache-maven-3.6.3/repository/net/bytebuddy/byte-buddy/1.12.7/byte-buddy-1.12.7.jar:/Users/terry/Desktop/NK/Shopping_Center/Users/terry/apache-maven-3.6.3/repository/org/apache/commons/commons-exec/1.3/commons-exec-1.3.jar:/Users/terry/Desktop/NK/Shopping_Center/Users/terry/apache-maven-3.6.3/repository/org/asynchttpclient/async-http-client/2.12.3/async-http-client-2.12.3.jar:/Users/terry/Desktop/NK/Shopping_Center/Users/terry/apache-maven-3.6.3/repository/org/asynchttpclient/async-http-client-netty-utils/2.12.3/async-http-client-netty-utils-2.12.3.jar:/Users/terry/Desktop/NK/Shopping_Center/Users/terry/apache-maven-3.6.3/repository/io/netty/netty-codec-socks/4.1.60.Final/netty-codec-socks-4.1.60.Final.jar:/Users/terry/Desktop/NK/Shopping_Center/Users/terry/apache-maven-3.6.3/repository/io/netty/netty-handler-proxy/4.1.60.Final/netty-handler-proxy-4.1.60.Final.jar:/Users/terry/Desktop/NK/Shopping_Center/Users/terry/apache-maven-3.6.3/repository/io/netty/netty-transport-native-epoll/4.1.60.Final/netty-transport-native-epoll-4.1.60.Final-linux-x86_64.jar:/Users/terry/Desktop/NK/Shopping_Center/Users/terry/apache-maven-3.6.3/repository/io/netty/netty-transport-native-kqueue/4.1.60.Final/netty-transport-native-kqueue-4.1.60.Final-osx-x86_64.jar:/Users/terry/Desktop/NK/Shopping_Center/Users/terry/apache-maven-3.6.3/repository/org/reactivestreams/reactive-streams/1.0.3/reactive-streams-1.0.3.jar:/Users/terry/Desktop/NK/Shopping_Center/Users/terry/apache-maven-3.6.3/repository/com/typesafe/netty/netty-reactive-streams/2.0.4/netty-reactive-streams-2.0.4.jar:/Users/terry/Desktop/NK/Shopping_Center/Users/terry/apache-maven-3.6.3/repository/com/sun/activation/jakarta.activation/1.2.2/jakarta.activation-1.2.2.jar:/Users/terry/Desktop/NK/Shopping_Center/Users/terry/apache-maven-3.6.3/repository/org/seleniumhq/selenium/selenium-http/4.1.2/selenium-http-4.1.2.jar:/Users/terry/Desktop/NK/Shopping_Center/Users/terry/apache-maven-3.6.3/repository/net/jodah/failsafe/2.4.4/failsafe-2.4.4.jar:/Users/terry/Desktop/NK/Shopping_Center/Users/terry/apache-maven-3.6.3/repository/org/seleniumhq/selenium/selenium-safari-driver/4.1.2/selenium-safari-driver-4.1.2.jar:/Users/terry/Desktop/NK/Shopping_Center/Users/terry/apache-maven-3.6.3/repository/org/seleniumhq/selenium/selenium-support/4.1.2/selenium-support-4.1.2.jar:/Users/terry/Desktop/NK/Shopping_Center/Users/terry/apache-maven-3.6.3/repository/io/github/bonigarcia/webdrivermanager/3.6.2/webdrivermanager-3.6.2.jar:/Users/terry/Desktop/NK/Shopping_Center/Users/terry/apache-maven-3.6.3/repository/com/google/code/gson/gson/2.8.5/gson-2.8.5.jar:/Users/terry/Desktop/NK/Shopping_Center/Users/terry/apache-maven-3.6.3/repository/org/apache/commons/commons-lang3/3.8.1/commons-lang3-3.8.1.jar:/Users/terry/Desktop/NK/Shopping_Center/Users/terry/apache-maven-3.6.3/repository/org/apache/httpcomponents/httpclient/4.5.6/httpclient-4.5.6.jar:/Users/terry/Desktop/NK/Shopping_Center/Users/terry/apache-maven-3.6.3/repository/org/apache/httpcomponents/httpcore/4.4.10/httpcore-4.4.10.jar:/Users/terry/Desktop/NK/Shopping_Center/Users/terry/apache-maven-3.6.3/repository/commons-logging/commons-logging/1.2/commons-logging-1.2.jar:/Users/terry/Desktop/NK/Shopping_Center/Users/terry/apache-maven-3.6.3/repository/org/rauschig/jarchivelib/1.0.0/jarchivelib-1.0.0.jar:/Users/terry/Desktop/NK/Shopping_Center/Users/terry/apache-maven-3.6.3/repository/org/jsoup/jsoup/1.11.3/jsoup-1.11.3.jar:/Users/terry/Desktop/NK/Shopping_Center/Users/terry/apache-maven-3.6.3/repository/org/apache/poi/poi/4.1.1/poi-4.1.1.jar:/Users/terry/Desktop/NK/Shopping_Center/Users/terry/apache-maven-3.6.3/repository/commons-codec/commons-codec/1.13/commons-codec-1.13.jar:/Users/terry/Desktop/NK/Shopping_Center/Users/terry/apache-maven-3.6.3/repository/org/apache/commons/commons-collections4/4.4/commons-collections4-4.4.jar:/Users/terry/Desktop/NK/Shopping_Center/Users/terry/apache-maven-3.6.3/repository/org/apache/commons/commons-math3/3.6.1/commons-math3-3.6.1.jar:/Users/terry/Desktop/NK/Shopping_Center/Users/terry/apache-maven-3.6.3/repository/org/apache/poi/poi-ooxml/4.1.1/poi-ooxml-4.1.1.jar:/Users/terry/Desktop/NK/Shopping_Center/Users/terry/apache-maven-3.6.3/repository/org/apache/commons/commons-compress/1.19/commons-compress-1.19.jar:/Users/terry/Desktop/NK/Shopping_Center/Users/terry/apache-maven-3.6.3/repository/com/github/virtuald/curvesapi/1.06/curvesapi-1.06.jar:/Users/terry/Desktop/NK/Shopping_Center/Users/terry/apache-maven-3.6.3/repository/org/apache/poi/poi-ooxml-schemas/4.1.1/poi-ooxml-schemas-4.1.1.jar:/Users/terry/Desktop/NK/Shopping_Center/Users/terry/apache-maven-3.6.3/repository/org/apache/xmlbeans/xmlbeans/3.1.0/xmlbeans-3.1.0.jar:/Users/terry/Desktop/NK/Shopping_Center/Users/terry/apache-maven-3.6.3/repository/commons-io/commons-io/2.6/commons-io-2.6.jar:/Users/terry/Desktop/NK/Shopping_Center/Users/terry/apache-maven-3.6.3/repository/org/projectlombok/lombok/1.18.12/lombok-1.18.12.jar:/Users/terry/Desktop/NK/Shopping_Center/Users/terry/apache-maven-3.6.3/repository/org/testng/testng/6.14.3/testng-6.14.3.jar:/Users/terry/Desktop/NK/Shopping_Center/Users/terry/apache-maven-3.6.3/repository/com/beust/jcommander/1.72/jcommander-1.72.jar:/Users/terry/Desktop/NK/Shopping_Center/Users/terry/apache-maven-3.6.3/repository/org/apache-extras/beanshell/bsh/2.0b6/bsh-2.0b6.jar:/Users/terry/Desktop/NK/Shopping_Center/Users/terry/apache-maven-3.6.3/repository/org/apache/logging/log4j/log4j-core/2.17.1/log4j-core-2.17.1.jar:/Users/terry/Desktop/NK/Shopping_Center/Users/terry/apache-maven-3.6.3/repository/org/apache/logging/log4j/log4j-api/2.17.1/log4j-api-2.17.1.jar:/Users/terry/Desktop/NK/Shopping_Center/Users/terry/apache-maven-3.6.3/repository/org/slf4j/slf4j-api/1.7.36/slf4j-api-1.7.36.jar:/Users/terry/Desktop/NK/Shopping_Center/Users/terry/apache-maven-3.6.3/repository/org/apache/logging/log4j/log4j-slf4j-impl/2.17.1/log4j-slf4j-impl-2.17.1.jar:/Users/terry/Desktop/NK/Shopping_Center/Users/terry/apache-maven-3.6.3/repository/com/typesafe/config/1.3.1/config-1.3.1.jar:/Users/terry/Desktop/NK/Shopping_Center/Users/terry/apache-maven-3.6.3/repository/org/springframework/spring-context/5.1.4.RELEASE/spring-context-5.1.4.RELEASE.jar:/Users/terry/Desktop/NK/Shopping_Center/Users/terry/apache-maven-3.6.3/repository/org/springframework/spring-aop/5.1.4.RELEASE/spring-aop-5.1.4.RELEASE.jar:/Users/terry/Desktop/NK/Shopping_Center/Users/terry/apache-maven-3.6.3/repository/org/springframework/spring-beans/5.1.4.RELEASE/spring-beans-5.1.4.RELEASE.jar:/Users/terry/Desktop/NK/Shopping_Center/Users/terry/apache-maven-3.6.3/repository/org/springframework/spring-core/5.1.4.RELEASE/spring-core-5.1.4.RELEASE.jar:/Users/terry/Desktop/NK/Shopping_Center/Users/terry/apache-maven-3.6.3/repository/org/springframework/spring-jcl/5.1.4.RELEASE/spring-jcl-5.1.4.RELEASE.jar:/Users/terry/Desktop/NK/Shopping_Center/Users/terry/apache-maven-3.6.3/repository/org/springframework/spring-expression/5.1.4.RELEASE/spring-expression-5.1.4.RELEASE.jar:/Users/terry/Desktop/NK/Shopping_Center/Users/terry/apache-maven-3.6.3/repository/io/cucumber/cucumber-spring/7.0.0/cucumber-spring-7.0.0.jar:/Users/terry/Desktop/NK/Shopping_Center/Users/terry/apache-maven-3.6.3/repository/io/cucumber/cucumber-core/7.0.0/cucumber-core-7.0.0.jar:/Users/terry/Desktop/NK/Shopping_Center/Users/terry/apache-maven-3.6.3/repository/io/cucumber/cucumber-gherkin/7.0.0/cucumber-gherkin-7.0.0.jar:/Users/terry/Desktop/NK/Shopping_Center/Users/terry/apache-maven-3.6.3/repository/io/cucumber/cucumber-gherkin-messages/7.0.0/cucumber-gherkin-messages-7.0.0.jar:/Users/terry/Desktop/NK/Shopping_Center/Users/terry/apache-maven-3.6.3/repository/io/cucumber/messages/17.1.1/messages-17.1.1.jar:/Users/terry/Desktop/NK/Shopping_Center/Users/terry/apache-maven-3.6.3/repository/io/cucumber/tag-expressions/4.0.2/tag-expressions-4.0.2.jar:/Users/terry/Desktop/NK/Shopping_Center/Users/terry/apache-maven-3.6.3/repository/io/cucumber/cucumber-expressions/13.0.1/cucumber-expressions-13.0.1.jar:/Users/terry/Desktop/NK/Shopping_Center/Users/terry/apache-maven-3.6.3/repository/io/cucumber/datatable/7.0.0/datatable-7.0.0.jar:/Users/terry/Desktop/NK/Shopping_Center/Users/terry/apache-maven-3.6.3/repository/io/cucumber/cucumber-plugin/7.0.0/cucumber-plugin-7.0.0.jar:/Users/terry/Desktop/NK/Shopping_Center/Users/terry/apache-maven-3.6.3/repository/io/cucumber/docstring/7.0.0/docstring-7.0.0.jar:/Users/terry/Desktop/NK/Shopping_Center/Users/terry/apache-maven-3.6.3/repository/io/cucumber/html-formatter/17.0.0/html-formatter-17.0.0.jar:/Users/terry/Desktop/NK/Shopping_Center/Users/terry/apache-maven-3.6.3/repository/io/cucumber/create-meta/6.0.1/create-meta-6.0.1.jar:/Users/terry/Desktop/NK/Shopping_Center/Users/terry/apache-maven-3.6.3/repository/org/apiguardian/apiguardian-api/1.1.2/apiguardian-api-1.1.2.jar:"/>
    <property name="java.vm.vendor" value="Oracle Corporation"/>
    <property name="sun.arch.data.model" value="64"/>
    <property name="java.vendor.url" value="http://java.oracle.com/"/>
    <property name="user.timezone" value=""/>
    <property name="java.vm.specification.version" value="1.8"/>
    <property name="os.name" value="Mac OS X"/>
    <property name="user.country" value="CN"/>
    <property name="sun.java.launcher" value="SUN_STANDARD"/>
    <property name="sun.boot.library.path" value="/Library/Java/JavaVirtualMachines/jdk1.8.0_172.jdk/Contents/Home/jre/lib"/>
    <property name="sun.java.command" value="/Users/terry/Desktop/NK/Shopping_Center/target/surefire/surefirebooter3658978308237049235.jar /Users/terry/Desktop/NK/Shopping_Center/target/surefire 2022-07-29T01-32-29_516-jvmRun1 surefire2837209305749969898tmp surefire_03048713663237287034tmp"/>
    <property name="surefire.test.class.path" value="/Users/terry/Desktop/NK/Shopping_Center/target/test-classes:/Users/terry/Desktop/NK/Shopping_Center/target/classes:/Users/terry/Desktop/NK/Shopping_Center/Users/terry/apache-maven-3.6.3/repository/org/seleniumhq/selenium/selenium-java/4.1.2/selenium-java-4.1.2.jar:/Users/terry/Desktop/NK/Shopping_Center/Users/terry/apache-maven-3.6.3/repository/org/seleniumhq/selenium/selenium-api/4.1.2/selenium-api-4.1.2.jar:/Users/terry/Desktop/NK/Shopping_Center/Users/terry/apache-maven-3.6.3/repository/org/seleniumhq/selenium/selenium-chrome-driver/4.1.2/selenium-chrome-driver-4.1.2.jar:/Users/terry/Desktop/NK/Shopping_Center/Users/terry/apache-maven-3.6.3/repository/com/google/auto/service/auto-service-annotations/1.0.1/auto-service-annotations-1.0.1.jar:/Users/terry/Desktop/NK/Shopping_Center/Users/terry/apache-maven-3.6.3/repository/com/google/auto/service/auto-service/1.0.1/auto-service-1.0.1.jar:/Users/terry/Desktop/NK/Shopping_Center/Users/terry/apache-maven-3.6.3/repository/com/google/auto/auto-common/1.2/auto-common-1.2.jar:/Users/terry/Desktop/NK/Shopping_Center/Users/terry/apache-maven-3.6.3/repository/com/google/guava/guava/31.0.1-jre/guava-31.0.1-jre.jar:/Users/terry/Desktop/NK/Shopping_Center/Users/terry/apache-maven-3.6.3/repository/com/google/guava/failureaccess/1.0.1/failureaccess-1.0.1.jar:/Users/terry/Desktop/NK/Shopping_Center/Users/terry/apache-maven-3.6.3/repository/com/google/guava/listenablefuture/9999.0-empty-to-avoid-conflict-with-guava/listenablefuture-9999.0-empty-to-avoid-conflict-with-guava.jar:/Users/terry/Desktop/NK/Shopping_Center/Users/terry/apache-maven-3.6.3/repository/com/google/code/findbugs/jsr305/3.0.2/jsr305-3.0.2.jar:/Users/terry/Desktop/NK/Shopping_Center/Users/terry/apache-maven-3.6.3/repository/org/checkerframework/checker-qual/3.12.0/checker-qual-3.12.0.jar:/Users/terry/Desktop/NK/Shopping_Center/Users/terry/apache-maven-3.6.3/repository/com/google/errorprone/error_prone_annotations/2.7.1/error_prone_annotations-2.7.1.jar:/Users/terry/Desktop/NK/Shopping_Center/Users/terry/apache-maven-3.6.3/repository/com/google/j2objc/j2objc-annotations/1.3/j2objc-annotations-1.3.jar:/Users/terry/Desktop/NK/Shopping_Center/Users/terry/apache-maven-3.6.3/repository/org/seleniumhq/selenium/selenium-chromium-driver/4.1.2/selenium-chromium-driver-4.1.2.jar:/Users/terry/Desktop/NK/Shopping_Center/Users/terry/apache-maven-3.6.3/repository/org/seleniumhq/selenium/selenium-json/4.1.2/selenium-json-4.1.2.jar:/Users/terry/Desktop/NK/Shopping_Center/Users/terry/apache-maven-3.6.3/repository/org/seleniumhq/selenium/selenium-devtools-v85/4.1.2/selenium-devtools-v85-4.1.2.jar:/Users/terry/Desktop/NK/Shopping_Center/Users/terry/apache-maven-3.6.3/repository/org/seleniumhq/selenium/selenium-devtools-v95/4.1.2/selenium-devtools-v95-4.1.2.jar:/Users/terry/Desktop/NK/Shopping_Center/Users/terry/apache-maven-3.6.3/repository/org/seleniumhq/selenium/selenium-devtools-v96/4.1.2/selenium-devtools-v96-4.1.2.jar:/Users/terry/Desktop/NK/Shopping_Center/Users/terry/apache-maven-3.6.3/repository/org/seleniumhq/selenium/selenium-devtools-v97/4.1.2/selenium-devtools-v97-4.1.2.jar:/Users/terry/Desktop/NK/Shopping_Center/Users/terry/apache-maven-3.6.3/repository/org/seleniumhq/selenium/selenium-edge-driver/4.1.2/selenium-edge-driver-4.1.2.jar:/Users/terry/Desktop/NK/Shopping_Center/Users/terry/apache-maven-3.6.3/repository/org/seleniumhq/selenium/selenium-firefox-driver/4.1.2/selenium-firefox-driver-4.1.2.jar:/Users/terry/Desktop/NK/Shopping_Center/Users/terry/apache-maven-3.6.3/repository/org/seleniumhq/selenium/selenium-firefox-xpi-driver/4.1.2/selenium-firefox-xpi-driver-4.1.2.jar:/Users/terry/Desktop/NK/Shopping_Center/Users/terry/apache-maven-3.6.3/repository/org/seleniumhq/selenium/selenium-ie-driver/4.1.2/selenium-ie-driver-4.1.2.jar:/Users/terry/Desktop/NK/Shopping_Center/Users/terry/apache-maven-3.6.3/repository/org/seleniumhq/selenium/selenium-opera-driver/4.1.2/selenium-opera-driver-4.1.2.jar:/Users/terry/Desktop/NK/Shopping_Center/Users/terry/apache-maven-3.6.3/repository/org/seleniumhq/selenium/selenium-remote-driver/4.1.2/selenium-remote-driver-4.1.2.jar:/Users/terry/Desktop/NK/Shopping_Center/Users/terry/apache-maven-3.6.3/repository/io/netty/netty-buffer/4.1.73.Final/netty-buffer-4.1.73.Final.jar:/Users/terry/Desktop/NK/Shopping_Center/Users/terry/apache-maven-3.6.3/repository/io/netty/netty-codec-http/4.1.73.Final/netty-codec-http-4.1.73.Final.jar:/Users/terry/Desktop/NK/Shopping_Center/Users/terry/apache-maven-3.6.3/repository/io/netty/netty-codec/4.1.73.Final/netty-codec-4.1.73.Final.jar:/Users/terry/Desktop/NK/Shopping_Center/Users/terry/apache-maven-3.6.3/repository/io/netty/netty-handler/4.1.73.Final/netty-handler-4.1.73.Final.jar:/Users/terry/Desktop/NK/Shopping_Center/Users/terry/apache-maven-3.6.3/repository/io/netty/netty-tcnative-classes/2.0.46.Final/netty-tcnative-classes-2.0.46.Final.jar:/Users/terry/Desktop/NK/Shopping_Center/Users/terry/apache-maven-3.6.3/repository/io/netty/netty-common/4.1.73.Final/netty-common-4.1.73.Final.jar:/Users/terry/Desktop/NK/Shopping_Center/Users/terry/apache-maven-3.6.3/repository/io/netty/netty-transport-classes-epoll/4.1.73.Final/netty-transport-classes-epoll-4.1.73.Final.jar:/Users/terry/Desktop/NK/Shopping_Center/Users/terry/apache-maven-3.6.3/repository/io/netty/netty-transport-classes-kqueue/4.1.73.Final/netty-transport-classes-kqueue-4.1.73.Final.jar:/Users/terry/Desktop/NK/Shopping_Center/Users/terry/apache-maven-3.6.3/repository/io/netty/netty-transport-native-epoll/4.1.73.Final/netty-transport-native-epoll-4.1.73.Final.jar:/Users/terry/Desktop/NK/Shopping_Center/Users/terry/apache-maven-3.6.3/repository/io/netty/netty-transport-native-kqueue/4.1.73.Final/netty-transport-native-kqueue-4.1.73.Final.jar:/Users/terry/Desktop/NK/Shopping_Center/Users/terry/apache-maven-3.6.3/repository/io/netty/netty-transport-native-unix-common/4.1.73.Final/netty-transport-native-unix-common-4.1.73.Final.jar:/Users/terry/Desktop/NK/Shopping_Center/Users/terry/apache-maven-3.6.3/repository/io/netty/netty-transport/4.1.73.Final/netty-transport-4.1.73.Final.jar:/Users/terry/Desktop/NK/Shopping_Center/Users/terry/apache-maven-3.6.3/repository/io/netty/netty-resolver/4.1.73.Final/netty-resolver-4.1.73.Final.jar:/Users/terry/Desktop/NK/Shopping_Center/Users/terry/apache-maven-3.6.3/repository/io/opentelemetry/opentelemetry-api/1.10.1/opentelemetry-api-1.10.1.jar:/Users/terry/Desktop/NK/Shopping_Center/Users/terry/apache-maven-3.6.3/repository/io/opentelemetry/opentelemetry-context/1.10.1/opentelemetry-context-1.10.1.jar:/Users/terry/Desktop/NK/Shopping_Center/Users/terry/apache-maven-3.6.3/repository/io/opentelemetry/opentelemetry-exporter-logging/1.10.1/opentelemetry-exporter-logging-1.10.1.jar:/Users/terry/Desktop/NK/Shopping_Center/Users/terry/apache-maven-3.6.3/repository/io/opentelemetry/opentelemetry-sdk-metrics/1.10.1-alpha/opentelemetry-sdk-metrics-1.10.1-alpha.jar:/Users/terry/Desktop/NK/Shopping_Center/Users/terry/apache-maven-3.6.3/repository/io/opentelemetry/opentelemetry-sdk-logs/1.10.1-alpha/opentelemetry-sdk-logs-1.10.1-alpha.jar:/Users/terry/Desktop/NK/Shopping_Center/Users/terry/apache-maven-3.6.3/repository/io/opentelemetry/opentelemetry-sdk-common/1.10.1/opentelemetry-sdk-common-1.10.1.jar:/Users/terry/Desktop/NK/Shopping_Center/Users/terry/apache-maven-3.6.3/repository/io/opentelemetry/opentelemetry-sdk-extension-autoconfigure-spi/1.10.1/opentelemetry-sdk-extension-autoconfigure-spi-1.10.1.jar:/Users/terry/Desktop/NK/Shopping_Center/Users/terry/apache-maven-3.6.3/repository/io/opentelemetry/opentelemetry-sdk-extension-autoconfigure/1.10.1-alpha/opentelemetry-sdk-extension-autoconfigure-1.10.1-alpha.jar:/Users/terry/Desktop/NK/Shopping_Center/Users/terry/apache-maven-3.6.3/repository/io/opentelemetry/opentelemetry-sdk-trace/1.10.1/opentelemetry-sdk-trace-1.10.1.jar:/Users/terry/Desktop/NK/Shopping_Center/Users/terry/apache-maven-3.6.3/repository/io/opentelemetry/opentelemetry-sdk/1.10.1/opentelemetry-sdk-1.10.1.jar:/Users/terry/Desktop/NK/Shopping_Center/Users/terry/apache-maven-3.6.3/repository/io/opentelemetry/opentelemetry-semconv/1.10.1-alpha/opentelemetry-semconv-1.10.1-alpha.jar:/Users/terry/Desktop/NK/Shopping_Center/Users/terry/apache-maven-3.6.3/repository/io/ous/jtoml/2.0.0/jtoml-2.0.0.jar:/Users/terry/Desktop/NK/Shopping_Center/Users/terry/apache-maven-3.6.3/repository/net/bytebuddy/byte-buddy/1.12.7/byte-buddy-1.12.7.jar:/Users/terry/Desktop/NK/Shopping_Center/Users/terry/apache-maven-3.6.3/repository/org/apache/commons/commons-exec/1.3/commons-exec-1.3.jar:/Users/terry/Desktop/NK/Shopping_Center/Users/terry/apache-maven-3.6.3/repository/org/asynchttpclient/async-http-client/2.12.3/async-http-client-2.12.3.jar:/Users/terry/Desktop/NK/Shopping_Center/Users/terry/apache-maven-3.6.3/repository/org/asynchttpclient/async-http-client-netty-utils/2.12.3/async-http-client-netty-utils-2.12.3.jar:/Users/terry/Desktop/NK/Shopping_Center/Users/terry/apache-maven-3.6.3/repository/io/netty/netty-codec-socks/4.1.60.Final/netty-codec-socks-4.1.60.Final.jar:/Users/terry/Desktop/NK/Shopping_Center/Users/terry/apache-maven-3.6.3/repository/io/netty/netty-handler-proxy/4.1.60.Final/netty-handler-proxy-4.1.60.Final.jar:/Users/terry/Desktop/NK/Shopping_Center/Users/terry/apache-maven-3.6.3/repository/io/netty/netty-transport-native-epoll/4.1.60.Final/netty-transport-native-epoll-4.1.60.Final-linux-x86_64.jar:/Users/terry/Desktop/NK/Shopping_Center/Users/terry/apache-maven-3.6.3/repository/io/netty/netty-transport-native-kqueue/4.1.60.Final/netty-transport-native-kqueue-4.1.60.Final-osx-x86_64.jar:/Users/terry/Desktop/NK/Shopping_Center/Users/terry/apache-maven-3.6.3/repository/org/reactivestreams/reactive-streams/1.0.3/reactive-streams-1.0.3.jar:/Users/terry/Desktop/NK/Shopping_Center/Users/terry/apache-maven-3.6.3/repository/com/typesafe/netty/netty-reactive-streams/2.0.4/netty-reactive-streams-2.0.4.jar:/Users/terry/Desktop/NK/Shopping_Center/Users/terry/apache-maven-3.6.3/repository/com/sun/activation/jakarta.activation/1.2.2/jakarta.activation-1.2.2.jar:/Users/terry/Desktop/NK/Shopping_Center/Users/terry/apache-maven-3.6.3/repository/org/seleniumhq/selenium/selenium-http/4.1.2/selenium-http-4.1.2.jar:/Users/terry/Desktop/NK/Shopping_Center/Users/terry/apache-maven-3.6.3/repository/net/jodah/failsafe/2.4.4/failsafe-2.4.4.jar:/Users/terry/Desktop/NK/Shopping_Center/Users/terry/apache-maven-3.6.3/repository/org/seleniumhq/selenium/selenium-safari-driver/4.1.2/selenium-safari-driver-4.1.2.jar:/Users/terry/Desktop/NK/Shopping_Center/Users/terry/apache-maven-3.6.3/repository/org/seleniumhq/selenium/selenium-support/4.1.2/selenium-support-4.1.2.jar:/Users/terry/Desktop/NK/Shopping_Center/Users/terry/apache-maven-3.6.3/repository/io/github/bonigarcia/webdrivermanager/3.6.2/webdrivermanager-3.6.2.jar:/Users/terry/Desktop/NK/Shopping_Center/Users/terry/apache-maven-3.6.3/repository/com/google/code/gson/gson/2.8.5/gson-2.8.5.jar:/Users/terry/Desktop/NK/Shopping_Center/Users/terry/apache-maven-3.6.3/repository/org/apache/commons/commons-lang3/3.8.1/commons-lang3-3.8.1.jar:/Users/terry/Desktop/NK/Shopping_Center/Users/terry/apache-maven-3.6.3/repository/org/apache/httpcomponents/httpclient/4.5.6/httpclient-4.5.6.jar:/Users/terry/Desktop/NK/Shopping_Center/Users/terry/apache-maven-3.6.3/repository/org/apache/httpcomponents/httpcore/4.4.10/httpcore-4.4.10.jar:/Users/terry/Desktop/NK/Shopping_Center/Users/terry/apache-maven-3.6.3/repository/commons-logging/commons-logging/1.2/commons-logging-1.2.jar:/Users/terry/Desktop/NK/Shopping_Center/Users/terry/apache-maven-3.6.3/repository/org/rauschig/jarchivelib/1.0.0/jarchivelib-1.0.0.jar:/Users/terry/Desktop/NK/Shopping_Center/Users/terry/apache-maven-3.6.3/repository/org/jsoup/jsoup/1.11.3/jsoup-1.11.3.jar:/Users/terry/Desktop/NK/Shopping_Center/Users/terry/apache-maven-3.6.3/repository/org/apache/poi/poi/4.1.1/poi-4.1.1.jar:/Users/terry/Desktop/NK/Shopping_Center/Users/terry/apache-maven-3.6.3/repository/commons-codec/commons-codec/1.13/commons-codec-1.13.jar:/Users/terry/Desktop/NK/Shopping_Center/Users/terry/apache-maven-3.6.3/repository/org/apache/commons/commons-collections4/4.4/commons-collections4-4.4.jar:/Users/terry/Desktop/NK/Shopping_Center/Users/terry/apache-maven-3.6.3/repository/org/apache/commons/commons-math3/3.6.1/commons-math3-3.6.1.jar:/Users/terry/Desktop/NK/Shopping_Center/Users/terry/apache-maven-3.6.3/repository/org/apache/poi/poi-ooxml/4.1.1/poi-ooxml-4.1.1.jar:/Users/terry/Desktop/NK/Shopping_Center/Users/terry/apache-maven-3.6.3/repository/org/apache/commons/commons-compress/1.19/commons-compress-1.19.jar:/Users/terry/Desktop/NK/Shopping_Center/Users/terry/apache-maven-3.6.3/repository/com/github/virtuald/curvesapi/1.06/curvesapi-1.06.jar:/Users/terry/Desktop/NK/Shopping_Center/Users/terry/apache-maven-3.6.3/repository/org/apache/poi/poi-ooxml-schemas/4.1.1/poi-ooxml-schemas-4.1.1.jar:/Users/terry/Desktop/NK/Shopping_Center/Users/terry/apache-maven-3.6.3/repository/org/apache/xmlbeans/xmlbeans/3.1.0/xmlbeans-3.1.0.jar:/Users/terry/Desktop/NK/Shopping_Center/Users/terry/apache-maven-3.6.3/repository/commons-io/commons-io/2.6/commons-io-2.6.jar:/Users/terry/Desktop/NK/Shopping_Center/Users/terry/apache-maven-3.6.3/repository/org/projectlombok/lombok/1.18.12/lombok-1.18.12.jar:/Users/terry/Desktop/NK/Shopping_Center/Users/terry/apache-maven-3.6.3/repository/org/testng/testng/6.14.3/testng-6.14.3.jar:/Users/terry/Desktop/NK/Shopping_Center/Users/terry/apache-maven-3.6.3/repository/com/beust/jcommander/1.72/jcommander-1.72.jar:/Users/terry/Desktop/NK/Shopping_Center/Users/terry/apache-maven-3.6.3/repository/org/apache-extras/beanshell/bsh/2.0b6/bsh-2.0b6.jar:/Users/terry/Desktop/NK/Shopping_Center/Users/terry/apache-maven-3.6.3/repository/org/apache/logging/log4j/log4j-core/2.17.1/log4j-core-2.17.1.jar:/Users/terry/Desktop/NK/Shopping_Center/Users/terry/apache-maven-3.6.3/repository/org/apache/logging/log4j/log4j-api/2.17.1/log4j-api-2.17.1.jar:/Users/terry/Desktop/NK/Shopping_Center/Users/terry/apache-maven-3.6.3/repository/org/slf4j/slf4j-api/1.7.36/slf4j-api-1.7.36.jar:/Users/terry/Desktop/NK/Shopping_Center/Users/terry/apache-maven-3.6.3/repository/org/apache/logging/log4j/log4j-slf4j-impl/2.17.1/log4j-slf4j-impl-2.17.1.jar:/Users/terry/Desktop/NK/Shopping_Center/Users/terry/apache-maven-3.6.3/repository/com/typesafe/config/1.3.1/config-1.3.1.jar:/Users/terry/Desktop/NK/Shopping_Center/Users/terry/apache-maven-3.6.3/repository/org/springframework/spring-context/5.1.4.RELEASE/spring-context-5.1.4.RELEASE.jar:/Users/terry/Desktop/NK/Shopping_Center/Users/terry/apache-maven-3.6.3/repository/org/springframework/spring-aop/5.1.4.RELEASE/spring-aop-5.1.4.RELEASE.jar:/Users/terry/Desktop/NK/Shopping_Center/Users/terry/apache-maven-3.6.3/repository/org/springframework/spring-beans/5.1.4.RELEASE/spring-beans-5.1.4.RELEASE.jar:/Users/terry/Desktop/NK/Shopping_Center/Users/terry/apache-maven-3.6.3/repository/org/springframework/spring-core/5.1.4.RELEASE/spring-core-5.1.4.RELEASE.jar:/Users/terry/Desktop/NK/Shopping_Center/Users/terry/apache-maven-3.6.3/repository/org/springframework/spring-jcl/5.1.4.RELEASE/spring-jcl-5.1.4.RELEASE.jar:/Users/terry/Desktop/NK/Shopping_Center/Users/terry/apache-maven-3.6.3/repository/org/springframework/spring-expression/5.1.4.RELEASE/spring-expression-5.1.4.RELEASE.jar:/Users/terry/Desktop/NK/Shopping_Center/Users/terry/apache-maven-3.6.3/repository/io/cucumber/cucumber-spring/7.0.0/cucumber-spring-7.0.0.jar:/Users/terry/Desktop/NK/Shopping_Center/Users/terry/apache-maven-3.6.3/repository/io/cucumber/cucumber-core/7.0.0/cucumber-core-7.0.0.jar:/Users/terry/Desktop/NK/Shopping_Center/Users/terry/apache-maven-3.6.3/repository/io/cucumber/cucumber-gherkin/7.0.0/cucumber-gherkin-7.0.0.jar:/Users/terry/Desktop/NK/Shopping_Center/Users/terry/apache-maven-3.6.3/repository/io/cucumber/cucumber-gherkin-messages/7.0.0/cucumber-gherkin-messages-7.0.0.jar:/Users/terry/Desktop/NK/Shopping_Center/Users/terry/apache-maven-3.6.3/repository/io/cucumber/messages/17.1.1/messages-17.1.1.jar:/Users/terry/Desktop/NK/Shopping_Center/Users/terry/apache-maven-3.6.3/repository/io/cucumber/tag-expressions/4.0.2/tag-expressions-4.0.2.jar:/Users/terry/Desktop/NK/Shopping_Center/Users/terry/apache-maven-3.6.3/repository/io/cucumber/cucumber-expressions/13.0.1/cucumber-expressions-13.0.1.jar:/Users/terry/Desktop/NK/Shopping_Center/Users/terry/apache-maven-3.6.3/repository/io/cucumber/datatable/7.0.0/datatable-7.0.0.jar:/Users/terry/Desktop/NK/Shopping_Center/Users/terry/apache-maven-3.6.3/repository/io/cucumber/cucumber-plugin/7.0.0/cucumber-plugin-7.0.0.jar:/Users/terry/Desktop/NK/Shopping_Center/Users/terry/apache-maven-3.6.3/repository/io/cucumber/docstring/7.0.0/docstring-7.0.0.jar:/Users/terry/Desktop/NK/Shopping_Center/Users/terry/apache-maven-3.6.3/repository/io/cucumber/html-formatter/17.0.0/html-formatter-17.0.0.jar:/Users/terry/Desktop/NK/Shopping_Center/Users/terry/apache-maven-3.6.3/repository/io/cucumber/create-meta/6.0.1/create-meta-6.0.1.jar:/Users/terry/Desktop/NK/Shopping_Center/Users/terry/apache-maven-3.6.3/repository/org/apiguardian/apiguardian-api/1.1.2/apiguardian-api-1.1.2.jar:"/>
    <property name="sun.cpu.endian" value="little"/>
    <property name="user.home" value="/Users/terry"/>
    <property name="user.language" value="en"/>
    <property name="java.specification.vendor" value="Oracle Corporation"/>
    <property name="java.home" value="/Library/Java/JavaVirtualMachines/jdk1.8.0_172.jdk/Contents/Home/jre"/>
    <property name="basedir" value="/Users/terry/Desktop/NK/Shopping_Center"/>
    <property name="file.separator" value="/"/>
    <property name="line.separator" value="&#10;"/>
    <property name="java.vm.specification.vendor" value="Oracle Corporation"/>
    <property name="java.specification.name" value="Java Platform API Specification"/>
    <property name="java.awt.graphicsenv" value="sun.awt.CGraphicsEnvironment"/>
    <property name="surefire.real.class.path" value="/Users/terry/Desktop/NK/Shopping_Center/target/surefire/surefirebooter3658978308237049235.jar"/>
    <property name="sun.boot.class.path" value="/Library/Java/JavaVirtualMachines/jdk1.8.0_172.jdk/Contents/Home/jre/lib/resources.jar:/Library/Java/JavaVirtualMachines/jdk1.8.0_172.jdk/Contents/Home/jre/lib/rt.jar:/Library/Java/JavaVirtualMachines/jdk1.8.0_172.jdk/Contents/Home/jre/lib/sunrsasign.jar:/Library/Java/JavaVirtualMachines/jdk1.8.0_172.jdk/Contents/Home/jre/lib/jsse.jar:/Library/Java/JavaVirtualMachines/jdk1.8.0_172.jdk/Contents/Home/jre/lib/jce.jar:/Library/Java/JavaVirtualMachines/jdk1.8.0_172.jdk/Contents/Home/jre/lib/charsets.jar:/Library/Java/JavaVirtualMachines/jdk1.8.0_172.jdk/Contents/Home/jre/lib/jfr.jar:/Library/Java/JavaVirtualMachines/jdk1.8.0_172.jdk/Contents/Home/jre/classes"/>
    <property name="sun.management.compiler" value="HotSpot 64-Bit Tiered Compilers"/>
    <property name="java.runtime.version" value="1.8.0_172-b11"/>
    <property name="user.name" value="terry"/>
    <property name="path.separator" value=":"/>
    <property name="os.version" value="10.14.6"/>
    <property name="java.endorsed.dirs" value="/Library/Java/JavaVirtualMachines/jdk1.8.0_172.jdk/Contents/Home/jre/lib/endorsed"/>
    <property name="java.runtime.name" value="Java(TM) SE Runtime Environment"/>
    <property name="file.encoding" value="UTF-8"/>
    <property name="java.vm.name" value="Java HotSpot(TM) 64-Bit Server VM"/>
    <property name="localRepository" value="/Users/terry/Desktop/NK/Shopping_Center/Users/terry/apache-maven-3.6.3/repository"/>
    <property name="java.vendor.url.bug" value="http://bugreport.sun.com/bugreport/"/>
    <property name="java.io.tmpdir" value="/var/folders/_y/d0ls10td4b96ldvj60sfvszm0000gn/T/"/>
    <property name="java.version" value="1.8.0_172"/>
    <property name="user.dir" value="/Users/terry/Desktop/NK/Shopping_Center"/>
    <property name="os.arch" value="x86_64"/>
    <property name="java.vm.specification.name" value="Java Virtual Machine Specification"/>
    <property name="java.awt.printerjob" value="sun.lwawt.macosx.CPrinterJob"/>
    <property name="sun.os.patch.level" value="unknown"/>
    <property name="java.library.path" value="/Users/terry/Library/Java/Extensions:/Library/Java/Extensions:/Network/Library/Java/Extensions:/System/Library/Java/Extensions:/usr/lib/java:."/>
    <property name="java.vm.info" value="mixed mode"/>
    <property name="java.vendor" value="Oracle Corporation"/>
    <property name="java.vm.version" value="25.172-b11"/>
    <property name="java.ext.dirs" value="/Users/terry/Library/Java/Extensions:/Library/Java/JavaVirtualMachines/jdk1.8.0_172.jdk/Contents/Home/jre/lib/ext:/Library/Java/Extensions:/Network/Library/Java/Extensions:/System/Library/Java/Extensions:/usr/lib/java"/>
    <property name="sun.io.unicode.encoding" value="UnicodeBig"/>
    <property name="java.class.version" value="52.0"/>
  </properties>
  <testcase name="shouldAnswerWithTrue" classname="com.shopping.AppTest" time="0.003"/>
  <testcase name="productHeaderTest" classname="com.qa.shopping.opencart.tests.ProductInfoPageTest" time="12.29"/>
  <testcase name="productImagesCountTest" classname="com.qa.shopping.opencart.tests.ProductInfoPageTest" time="2.112"/>
  <testcase name="productInfoTest" classname="com.qa.shopping.opencart.tests.ProductInfoPageTest" time="1.177">
    <failure message="unknown error: unexpected command response&#10;  (Session info: chrome=103.0.5060.134)&#10;Build info: version: &apos;4.1.2&apos;, revision: &apos;9a5a329c5a&apos;&#10;System info: host: &apos;Terrys-MBP&apos;, ip: &apos;fe80:0:0:0:b4:4b00:7195:8b33%en0&apos;, os.name: &apos;Mac OS X&apos;, os.arch: &apos;x86_64&apos;, os.version: &apos;10.14.6&apos;, java.version: &apos;1.8.0_172&apos;&#10;Driver info: org.openqa.selenium.chrome.ChromeDriver&#10;Command: [091e5df8c1f762fa86a0fc1af912703e, findElements {using=css selector, value=div.caption a}]&#10;Capabilities {acceptInsecureCerts: false, browserName: chrome, browserVersion: 103.0.5060.134, chrome: {chromedriverVersion: 102.0.5005.61 (0e59bcc00cc4..., userDataDir: /var/folders/_y/d0ls10td4b9...}, goog:chromeOptions: {debuggerAddress: localhost:49672}, javascriptEnabled: true, networkConnectionEnabled: false, pageLoadStrategy: normal, platform: MAC, platformName: MAC, proxy: Proxy(), se:cdp: ws://localhost:49672/devtoo..., se:cdpVersion: 103.0.5060.134, setWindowRect: true, strictFileInteractability: false, timeouts: {implicit: 0, pageLoad: 300000, script: 30000}, unhandledPromptBehavior: dismiss and notify, webauthn:extension:credBlob: true, webauthn:extension:largeBlob: true, webauthn:virtualAuthenticators: true}&#10;Session ID: 091e5df8c1f762fa86a0fc1af912703e" type="org.openqa.selenium.WebDriverException">org.openqa.selenium.WebDriverException: 
unknown error: unexpected command response
  (Session info: chrome=103.0.5060.134)
Build info: version: '4.1.2', revision: '9a5a329c5a'
System info: host: 'Terrys-MBP', ip: 'fe80:0:0:0:b4:4b00:7195:8b33%en0', os.name: 'Mac OS X', os.arch: 'x86_64', os.version: '10.14.6', java.version: '1.8.0_172'
Driver info: org.openqa.selenium.chrome.ChromeDriver
Command: [091e5df8c1f762fa86a0fc1af912703e, findElements {using=css selector, value=div.caption a}]
Capabilities {acceptInsecureCerts: false, browserName: chrome, browserVersion: 103.0.5060.134, chrome: {chromedriverVersion: 102.0.5005.61 (0e59bcc00cc4..., userDataDir: /var/folders/_y/d0ls10td4b9...}, goog:chromeOptions: {debuggerAddress: localhost:49672}, javascriptEnabled: true, networkConnectionEnabled: false, pageLoadStrategy: normal, platform: MAC, platformName: MAC, proxy: Proxy(), se:cdp: ws://localhost:49672/devtoo..., se:cdpVersion: 103.0.5060.134, setWindowRect: true, strictFileInteractability: false, timeouts: {implicit: 0, pageLoad: 300000, script: 30000}, unhandledPromptBehavior: dismiss and notify, webauthn:extension:credBlob: true, webauthn:extension:largeBlob: true, webauthn:virtualAuthenticators: true}
Session ID: 091e5df8c1f762fa86a0fc1af912703e
	at com.qa.shopping.opencart.tests.ProductInfoPageTest.productInfoTest(ProductInfoPageTest.java:36)
</failure>
    <system-out><![CDATA[searching the product: MacBook
]]></system-out>
  </testcase>
  <testcase name="test01" classname="com.qa.shopping.opencart.tests.TestSpring" time="7.436"/>
  <testcase name="test02" classname="com.qa.shopping.opencart.tests.TestSpring" time="0.026"/>
  <testcase name="test03" classname="com.qa.shopping.opencart.tests.TestSpring" time="0"/>
  <testcase name="accPageSetup" classname="com.qa.shopping.opencart.tests.AccountPageTest" time="0.001">
    <failure type="java.lang.NullPointerException">java.lang.NullPointerException
	at com.qa.shopping.opencart.tests.AccountPageTest.accPageSetup(AccountPageTest.java:17)
</failure>
  </testcase>
  <testcase name="accPageHeaderTest" classname="com.qa.shopping.opencart.tests.AccountPageTest" time="0">
    <skipped/>
  </testcase>
  <testcase name="accPageSectionsTest" classname="com.qa.shopping.opencart.tests.AccountPageTest" time="0">
    <skipped/>
  </testcase>
  <testcase name="accPageTitleTest" classname="com.qa.shopping.opencart.tests.AccountPageTest" time="0">
    <skipped/>
  </testcase>
  <testcase name="isLogoutExistTest" classname="com.qa.shopping.opencart.tests.AccountPageTest" time="0">
    <skipped/>
  </testcase>
  <testcase name="searchTest" classname="com.qa.shopping.opencart.tests.AccountPageTest" time="0">
    <skipped/>
  </testcase>
  <testcase name="searchTest" classname="com.qa.shopping.opencart.tests.AccountPageTest" time="0">
    <skipped/>
  </testcase>
  <testcase name="searchTest" classname="com.qa.shopping.opencart.tests.AccountPageTest" time="0">
    <skipped/>
  </testcase>
  <testcase name="selectProductTest" classname="com.qa.shopping.opencart.tests.AccountPageTest" time="0">
    <skipped/>
  </testcase>
  <testcase name="selectProductTest" classname="com.qa.shopping.opencart.tests.AccountPageTest" time="0">
    <skipped/>
  </testcase>
  <testcase name="selectProductTest" classname="com.qa.shopping.opencart.tests.AccountPageTest" time="0">
    <skipped/>
  </testcase>
  <testcase name="selectProductTest" classname="com.qa.shopping.opencart.tests.AccountPageTest" time="0">
    <skipped/>
  </testcase>
  <testcase name="setupRegistration" classname="com.qa.shopping.opencart.tests.RegistrationPageTest" time="0.01">
    <failure type="java.lang.NullPointerException">java.lang.NullPointerException
	at com.qa.shopping.opencart.tests.RegistrationPageTest.setupRegistration(RegistrationPageTest.java:17)
</failure>
  </testcase>
  <testcase name="userRegistrationTest" classname="com.qa.shopping.opencart.tests.RegistrationPageTest" time="0">
    <skipped/>
  </testcase>
  <testcase name="userRegistrationTest" classname="com.qa.shopping.opencart.tests.RegistrationPageTest" time="0">
    <skipped/>
  </testcase>
  <testcase name="userRegistrationTest" classname="com.qa.shopping.opencart.tests.RegistrationPageTest" time="0">
    <skipped/>
  </testcase>
  <testcase name="loginPageTitleTest" classname="com.qa.shopping.opencart.tests.LoginPageTest" time="0">
    <failure type="java.lang.NullPointerException">java.lang.NullPointerException
	at com.qa.shopping.opencart.tests.LoginPageTest.loginPageTitleTest(LoginPageTest.java:11)
</failure>
  </testcase>
  <testcase name="loginPageUrlTest" classname="com.qa.shopping.opencart.tests.LoginPageTest" time="0">
    <failure type="java.lang.NullPointerException">java.lang.NullPointerException
	at com.qa.shopping.opencart.tests.LoginPageTest.loginPageUrlTest(LoginPageTest.java:18)
</failure>
  </testcase>
  <testcase name="forgotPwdLinkTest" classname="com.qa.shopping.opencart.tests.LoginPageTest" time="0">
    <failure type="java.lang.NullPointerException">java.lang.NullPointerException
	at com.qa.shopping.opencart.tests.LoginPageTest.forgotPwdLinkTest(LoginPageTest.java:23)
</failure>
  </testcase>
  <testcase name="registerLinkTest" classname="com.qa.shopping.opencart.tests.LoginPageTest" time="0">
    <failure type="java.lang.NullPointerException">java.lang.NullPointerException
	at com.qa.shopping.opencart.tests.LoginPageTest.registerLinkTest(LoginPageTest.java:28)
</failure>
  </testcase>
  <testcase name="loginTest" classname="com.qa.shopping.opencart.tests.LoginPageTest" time="0">
    <failure type="java.lang.NullPointerException">java.lang.NullPointerException
	at com.qa.shopping.opencart.tests.LoginPageTest.loginTest(LoginPageTest.java:33)
</failure>
  </testcase>
</testsuite>