<?xml version="1.0" encoding="UTF-8"?>
<!-- Generated by org.testng.reporters.JUnitReportReporter -->
<testsuite skipped="0" hostname="Terrys-MBP" name="com.qa.shopping.opencart.tests.TestSpring" tests="3" failures="0" timestamp="28 Jul 2022 17:33:04 GMT" time="7.461" errors="0">
  <testcase name="test03" time="0.000" classname="com.qa.shopping.opencart.tests.TestSpring"/>
  <testcase name="test02" time="0.025" classname="com.qa.shopping.opencart.tests.TestSpring"/>
  <testcase name="test01" time="7.436" classname="com.qa.shopping.opencart.tests.TestSpring"/>
</testsuite> <!-- com.qa.shopping.opencart.tests.TestSpring -->
