<?xml version="1.0" encoding="UTF-8"?>
<!-- Generated by org.testng.reporters.JUnitReportReporter -->
<testsuite skipped="0" hostname="Terrys-MBP" name="com.shopping.AppTest" tests="1" failures="0" timestamp="28 Jul 2022 17:33:04 GMT" time="0.002" errors="0">
  <testcase name="shouldAnswerWithTrue" time="0.002" classname="com.shopping.AppTest"/>
</testsuite> <!-- com.shopping.AppTest -->
